INFO Watching for file changes with StatReloader
INFO "GET / HTTP/1.1" 200 5990
INFO "GET /post/4/ HTTP/1.1" 200 2657
INFO "GET /login/ HTTP/1.1" 200 3984
INFO "POST /login/ HTTP/1.1" 302 0
INFO "GET / HTTP/1.1" 200 6142
INFO "GET /?page=2 HTTP/1.1" 200 3934
INFO "GET /post/1/ HTTP/1.1" 200 3752
INFO "GET /post/buy/ HTTP/1.1" 200 3789
INFO "GET / HTTP/1.1" 200 6142
INFO "GET /post/8/ HTTP/1.1" 200 3479
INFO "GET /media/book_images/WhatsApp_Image_2021-05-02_at_6.13.28_PM_Q7bsppy.jpeg HTTP/1.1" 200 19148
INFO "GET /post/buy/ HTTP/1.1" 200 3789
INFO "GET / HTTP/1.1" 200 6142
INFO "GET /post/5/ HTTP/1.1" 200 3776
INFO "GET /post/5/update/ HTTP/1.1" 200 4947
INFO "POST /post/5/update/ HTTP/1.1" 302 0
INFO "GET /post/5/ HTTP/1.1" 200 3804
INFO "GET /media/book_images/product-jpeg-500x500_KwG4tNt.jpg HTTP/1.1" 200 5091
INFO "GET / HTTP/1.1" 200 6142
INFO "GET /post/4/ HTTP/1.1" 200 3491
INFO "GET /media/book_images/WhatsApp_Image_2021-05-02_at_6.09.52_PM_1.jpeg HTTP/1.1" 200 28987
INFO "GET /post/buy/ HTTP/1.1" 200 3789
INFO "GET / HTTP/1.1" 200 6142
INFO "GET /?page=2 HTTP/1.1" 200 3934
INFO "GET /post/1/ HTTP/1.1" 200 3752
INFO "GET /post/borrow/ HTTP/1.1" 200 3786
INFO "GET / HTTP/1.1" 200 6142
INFO "GET /logout/ HTTP/1.1" 200 2893
INFO "GET / HTTP/1.1" 200 5990
INFO "GET /login/ HTTP/1.1" 200 3984
INFO "POST /login/ HTTP/1.1" 302 0
INFO "GET / HTTP/1.1" 200 6142
INFO "GET /?page=2 HTTP/1.1" 200 3934
INFO "GET /post/1/ HTTP/1.1" 200 3754
INFO "GET /post/1/update/ HTTP/1.1" 200 4933
INFO "POST /post/1/update/ HTTP/1.1" 302 0
INFO "GET /post/1/ HTTP/1.1" 200 3773
INFO "GET /media/book_images/71KFwge6xeL_pu4hjoc.jpg HTTP/1.1" 200 7038
INFO "GET /logout/ HTTP/1.1" 200 2893
INFO "GET /about/ HTTP/1.1" 200 3078
INFO Watching for file changes with StatReloader
